080214 12:27:30 [Note] C:\xampp\mysql\bin\mysqld-nt.exe: ready for connections.
Version: '5.0.51'  socket: ''  port: 3306  Source distribution
080214 18:08:16 [Note] C:\xampp\mysql\bin\mysqld-nt.exe: Normal shutdown

080214 18:08:16 [Note] C:\xampp\mysql\bin\mysqld-nt.exe: Shutdown complete

080215  8:38:28 [Note] C:\xampp\mysql\bin\mysqld-nt.exe: ready for connections.
Version: '5.0.51'  socket: ''  port: 3306  Source distribution
080215 19:36:31 [Note] C:\xampp\mysql\bin\mysqld-nt.exe: Normal shutdown

080215 19:36:31 [Note] C:\xampp\mysql\bin\mysqld-nt.exe: Shutdown complete

080216 10:07:51 [Note] C:\xampp\mysql\bin\mysqld-nt.exe: ready for connections.
Version: '5.0.51'  socket: ''  port: 3306  Source distribution
080216 11:21:11 [Note] C:\xampp\mysql\bin\mysqld-nt.exe: Normal shutdown

080216 11:21:11 [Note] C:\xampp\mysql\bin\mysqld-nt.exe: Shutdown complete

080216 12:42:02 [Note] C:\xampp\mysql\bin\mysqld-nt.exe: ready for connections.
Version: '5.0.51'  socket: ''  port: 3306  Source distribution
080216 13:20:35 [Note] C:\xampp\mysql\bin\mysqld-nt.exe: Normal shutdown

080216 13:20:36 [Note] C:\xampp\mysql\bin\mysqld-nt.exe: Shutdown complete

080218  9:00:19 [Note] C:\xampp\mysql\bin\mysqld-nt.exe: ready for connections.
Version: '5.0.51'  socket: ''  port: 3306  Source distribution
080218 11:38:46 [Note] C:\xampp\mysql\bin\mysqld-nt.exe: Normal shutdown

080218 11:38:47 [Note] C:\xampp\mysql\bin\mysqld-nt.exe: Shutdown complete

080218 11:39:54 [Note] C:\xampp\mysql\bin\mysqld-nt.exe: ready for connections.
Version: '5.0.51'  socket: ''  port: 3306  Source distribution
080219 22:12:12 [Note] C:\xampp\mysql\bin\mysqld-nt.exe: Normal shutdown

080219 22:12:12 [Note] C:\xampp\mysql\bin\mysqld-nt.exe: Shutdown complete

080220  7:28:38 [Note] C:\xampp\mysql\bin\mysqld-nt.exe: ready for connections.
Version: '5.0.51'  socket: ''  port: 3306  Source distribution
080220 21:58:57 [Note] C:\xampp\mysql\bin\mysqld-nt.exe: Normal shutdown

080220 21:58:57 [Note] C:\xampp\mysql\bin\mysqld-nt.exe: Shutdown complete

080221  9:12:35 [Note] C:\xampp\mysql\bin\mysqld-nt.exe: ready for connections.
Version: '5.0.51'  socket: ''  port: 3306  Source distribution
080221 10:47:59 [Note] C:\xampp\mysql\bin\mysqld-nt.exe: Normal shutdown

080221 10:47:59 [Note] C:\xampp\mysql\bin\mysqld-nt.exe: Shutdown complete

080221 10:54:41 [Note] C:\xampp\mysql\bin\mysqld-nt.exe: ready for connections.
Version: '5.0.51'  socket: ''  port: 3306  Source distribution
080222 21:35:49 [Note] C:\xampp\mysql\bin\mysqld-nt.exe: Normal shutdown

080222 21:35:49 [Note] C:\xampp\mysql\bin\mysqld-nt.exe: Shutdown complete

080225  9:13:35 [Note] C:\xampp\mysql\bin\mysqld-nt.exe: ready for connections.
Version: '5.0.51'  socket: ''  port: 3306  Source distribution
080225 20:14:41 [Note] C:\xampp\mysql\bin\mysqld-nt.exe: Normal shutdown

080225 20:14:41 [Note] C:\xampp\mysql\bin\mysqld-nt.exe: Shutdown complete

080226  8:13:08 [Note] C:\xampp\mysql\bin\mysqld-nt.exe: ready for connections.
Version: '5.0.51'  socket: ''  port: 3306  Source distribution
080226 18:13:20 [Note] C:\xampp\mysql\bin\mysqld-nt.exe: Normal shutdown

080226 18:13:20 [Note] C:\xampp\mysql\bin\mysqld-nt.exe: Shutdown complete

080226 18:15:42 [Note] C:\xampp\mysql\bin\mysqld-nt.exe: ready for connections.
Version: '5.0.51'  socket: ''  port: 3306  Source distribution
080226 18:39:59 [Note] C:\xampp\mysql\bin\mysqld-nt.exe: Normal shutdown

080226 18:40:00 [Note] C:\xampp\mysql\bin\mysqld-nt.exe: Shutdown complete

080226 18:46:18 [Note] C:\xampp\mysql\bin\mysqld-nt.exe: ready for connections.
Version: '5.0.51'  socket: ''  port: 3306  Source distribution
080226 21:11:20 [Note] C:\xampp\mysql\bin\mysqld-nt.exe: Normal shutdown

080226 21:11:20 [Note] C:\xampp\mysql\bin\mysqld-nt.exe: Shutdown complete

080227  8:21:35 [Note] C:\xampp\mysql\bin\mysqld-nt.exe: ready for connections.
Version: '5.0.51'  socket: ''  port: 3306  Source distribution
080227 16:57:10 [Note] C:\xampp\mysql\bin\mysqld-nt.exe: Normal shutdown

080227 16:57:11 [Note] C:\xampp\mysql\bin\mysqld-nt.exe: Shutdown complete

080227 16:59:08 [Note] C:\xampp\mysql\bin\mysqld-nt.exe: ready for connections.
Version: '5.0.51'  socket: ''  port: 3306  Source distribution
080227 17:08:19 [Note] C:\xampp\mysql\bin\mysqld-nt.exe: ready for connections.
Version: '5.0.51'  socket: ''  port: 3306  Source distribution
080227 17:12:47 [Note] C:\xampp\mysql\bin\mysqld-nt.exe: Normal shutdown

080227 17:12:47 [Note] C:\xampp\mysql\bin\mysqld-nt.exe: Shutdown complete

080227 17:16:18 [Note] C:\xampp\mysql\bin\mysqld-nt.exe: ready for connections.
Version: '5.0.51'  socket: ''  port: 3306  Source distribution
080227 17:29:33 [Note] C:\xampp\mysql\bin\mysqld-nt.exe: Normal shutdown

080227 17:29:33 [Note] C:\xampp\mysql\bin\mysqld-nt.exe: Shutdown complete

080227 17:32:14 [Note] C:\xampp\mysql\bin\mysqld-nt.exe: ready for connections.
Version: '5.0.51'  socket: ''  port: 3306  Source distribution
080227 17:35:27 [Note] C:\xampp\mysql\bin\mysqld-nt.exe: Normal shutdown

080227 17:35:27 [Note] C:\xampp\mysql\bin\mysqld-nt.exe: Shutdown complete

080227 17:38:46 [Note] C:\xampp\mysql\bin\mysqld-nt.exe: ready for connections.
Version: '5.0.51'  socket: ''  port: 3306  Source distribution
080227 17:51:41 [Note] C:\xampp\mysql\bin\mysqld-nt.exe: Normal shutdown

080227 17:51:41 [Note] C:\xampp\mysql\bin\mysqld-nt.exe: Shutdown complete

080227 17:53:37 [Note] C:\xampp\mysql\bin\mysqld-nt.exe: ready for connections.
Version: '5.0.51'  socket: ''  port: 3306  Source distribution
080227 18:04:58 [Note] C:\xampp\mysql\bin\mysqld-nt.exe: Normal shutdown

080227 18:04:59 [Note] C:\xampp\mysql\bin\mysqld-nt.exe: Shutdown complete

080227 18:06:17 [Note] C:\xampp\mysql\bin\mysqld-nt.exe: ready for connections.
Version: '5.0.51'  socket: ''  port: 3306  Source distribution
080227 18:08:15 [Note] C:\xampp\mysql\bin\mysqld-nt.exe: Normal shutdown

080227 18:08:15 [Note] C:\xampp\mysql\bin\mysqld-nt.exe: Shutdown complete

080227 18:40:39 [Note] C:\xampp\mysql\bin\mysqld-nt.exe: ready for connections.
Version: '5.0.51'  socket: ''  port: 3306  Source distribution
080227 18:41:56 [Note] C:\xampp\mysql\bin\mysqld-nt.exe: Normal shutdown

080227 18:41:56 [Note] C:\xampp\mysql\bin\mysqld-nt.exe: Shutdown complete

080227 18:49:19 [Note] C:\xampp\mysql\bin\mysqld-nt.exe: ready for connections.
Version: '5.0.51'  socket: ''  port: 3306  Source distribution
080227 18:50:43 [Note] C:\xampp\mysql\bin\mysqld-nt.exe: Normal shutdown

080227 18:50:43 [Note] C:\xampp\mysql\bin\mysqld-nt.exe: Shutdown complete

080227 18:53:33 [Note] C:\xampp\mysql\bin\mysqld-nt.exe: ready for connections.
Version: '5.0.51'  socket: ''  port: 3306  Source distribution
080227 19:18:42 [Note] C:\xampp\mysql\bin\mysqld-nt.exe: Normal shutdown

080227 19:18:42 [Note] C:\xampp\mysql\bin\mysqld-nt.exe: Shutdown complete

080227 19:24:41 [Note] C:\xampp\mysql\bin\mysqld-nt.exe: ready for connections.
Version: '5.0.51'  socket: ''  port: 3306  Source distribution
080228 20:27:34 [Note] C:\xampp\mysql\bin\mysqld-nt.exe: Normal shutdown

080228 20:27:35 [Note] C:\xampp\mysql\bin\mysqld-nt.exe: Shutdown complete

080229  7:12:56 [Note] C:\xampp\mysql\bin\mysqld-nt.exe: ready for connections.
Version: '5.0.51'  socket: ''  port: 3306  Source distribution
080229 18:04:57 [Note] C:\xampp\mysql\bin\mysqld-nt.exe: Normal shutdown

080229 18:04:57 [Note] C:\xampp\mysql\bin\mysqld-nt.exe: Shutdown complete

080301 14:15:18 [Note] C:\xampp\mysql\bin\mysqld-nt.exe: ready for connections.
Version: '5.0.51'  socket: ''  port: 3306  Source distribution
080301 18:12:56 [Note] C:\xampp\mysql\bin\mysqld-nt.exe: Normal shutdown

080301 18:12:56 [Note] C:\xampp\mysql\bin\mysqld-nt.exe: Shutdown complete

080301 20:56:19 [Note] C:\xampp\mysql\bin\mysqld-nt.exe: ready for connections.
Version: '5.0.51'  socket: ''  port: 3306  Source distribution
080301 21:58:23 [Note] C:\xampp\mysql\bin\mysqld-nt.exe: Normal shutdown

080301 21:58:23 [Note] C:\xampp\mysql\bin\mysqld-nt.exe: Shutdown complete

080303  8:00:32 [Note] C:\xampp\mysql\bin\mysqld-nt.exe: ready for connections.
Version: '5.0.51'  socket: ''  port: 3306  Source distribution
080303 12:17:39 [Note] C:\xampp\mysql\bin\mysqld-nt.exe: Normal shutdown

080303 12:17:39 [Note] C:\xampp\mysql\bin\mysqld-nt.exe: Shutdown complete

080303 12:18:47 [Note] C:\xampp\mysql\bin\mysqld-nt.exe: ready for connections.
Version: '5.0.51'  socket: ''  port: 3306  Source distribution
080303 19:52:50 [Note] C:\xampp\mysql\bin\mysqld-nt.exe: Normal shutdown

080303 19:52:50 [Note] C:\xampp\mysql\bin\mysqld-nt.exe: Shutdown complete

080304  8:14:42 [Note] C:\xampp\mysql\bin\mysqld-nt.exe: ready for connections.
Version: '5.0.51'  socket: ''  port: 3306  Source distribution
080304 19:19:09 [Note] C:\xampp\mysql\bin\mysqld-nt.exe: Normal shutdown

080304 19:19:09 [Note] C:\xampp\mysql\bin\mysqld-nt.exe: Shutdown complete

080304 19:38:01 [Note] C:\xampp\mysql\bin\mysqld-nt.exe: ready for connections.
Version: '5.0.51'  socket: ''  port: 3306  Source distribution
080304 19:57:45 [Note] C:\xampp\mysql\bin\mysqld-nt.exe: Normal shutdown

080304 19:57:45 [Note] C:\xampp\mysql\bin\mysqld-nt.exe: Shutdown complete

080304 20:10:11 [Note] C:\xampp\mysql\bin\mysqld-nt.exe: ready for connections.
Version: '5.0.51'  socket: ''  port: 3306  Source distribution
080304 20:15:49 [Note] C:\xampp\mysql\bin\mysqld-nt.exe: Normal shutdown

080304 20:15:49 [Note] C:\xampp\mysql\bin\mysqld-nt.exe: Shutdown complete

080305  7:47:32 [Note] C:\xampp\mysql\bin\mysqld-nt.exe: ready for connections.
Version: '5.0.51'  socket: ''  port: 3306  Source distribution
080305 18:51:02 [Note] C:\xampp\mysql\bin\mysqld-nt.exe: Normal shutdown

080305 18:51:02 [Note] C:\xampp\mysql\bin\mysqld-nt.exe: Shutdown complete

080306  8:27:44 [Note] C:\xampp\mysql\bin\mysqld-nt.exe: ready for connections.
Version: '5.0.51'  socket: ''  port: 3306  Source distribution
080306 20:47:50 [Note] C:\xampp\mysql\bin\mysqld-nt.exe: Normal shutdown

080306 20:47:50 [Note] C:\xampp\mysql\bin\mysqld-nt.exe: Shutdown complete

080307  8:09:50 [Note] C:\xampp\mysql\bin\mysqld-nt.exe: ready for connections.
Version: '5.0.51'  socket: ''  port: 3306  Source distribution
080307 12:33:36 [Note] C:\xampp\mysql\bin\mysqld-nt.exe: Normal shutdown

080307 12:33:36 [Note] C:\xampp\mysql\bin\mysqld-nt.exe: Shutdown complete

080307 12:34:45 [Note] C:\xampp\mysql\bin\mysqld-nt.exe: ready for connections.
Version: '5.0.51'  socket: ''  port: 3306  Source distribution
080307 18:29:13 [Note] C:\xampp\mysql\bin\mysqld-nt.exe: Normal shutdown

080307 18:29:13 [Note] C:\xampp\mysql\bin\mysqld-nt.exe: Shutdown complete

080308 12:02:21 [Note] C:\xampp\mysql\bin\mysqld-nt.exe: ready for connections.
Version: '5.0.51'  socket: ''  port: 3306  Source distribution
080308 13:15:11 [Note] C:\xampp\mysql\bin\mysqld-nt.exe: Normal shutdown

080308 13:15:11 [Note] C:\xampp\mysql\bin\mysqld-nt.exe: Shutdown complete

080308 17:09:33 [Note] C:\xampp\mysql\bin\mysqld-nt.exe: ready for connections.
Version: '5.0.51'  socket: ''  port: 3306  Source distribution
080308 19:12:39 [Note] C:\xampp\mysql\bin\mysqld-nt.exe: ready for connections.
Version: '5.0.51'  socket: ''  port: 3306  Source distribution
080308 19:42:20 [Note] C:\xampp\mysql\bin\mysqld-nt.exe: Normal shutdown

080308 19:42:21 [Note] C:\xampp\mysql\bin\mysqld-nt.exe: Shutdown complete

080310  8:24:00 [Note] C:\xampp\mysql\bin\mysqld-nt.exe: ready for connections.
Version: '5.0.51'  socket: ''  port: 3306  Source distribution
080310 17:57:51 [Note] C:\xampp\mysql\bin\mysqld-nt.exe: Normal shutdown

080310 17:57:52 [Note] C:\xampp\mysql\bin\mysqld-nt.exe: Shutdown complete

080311  8:10:03 [Note] C:\xampp\mysql\bin\mysqld-nt.exe: ready for connections.
Version: '5.0.51'  socket: ''  port: 3306  Source distribution
