080205 17:13:33 [Note] C:\xampp\mysql\bin\mysqld-nt.exe: ready for connections.
Version: '5.0.51'  socket: ''  port: 3306  Source distribution
080205 18:15:33 [Note] C:\xampp\mysql\bin\mysqld-nt.exe: Normal shutdown

080205 18:15:33 [Note] C:\xampp\mysql\bin\mysqld-nt.exe: Shutdown complete

080206  9:11:19 [Note] C:\xampp\mysql\bin\mysqld-nt.exe: ready for connections.
Version: '5.0.51'  socket: ''  port: 3306  Source distribution
080206 18:17:55 [Note] C:\xampp\mysql\bin\mysqld-nt.exe: Normal shutdown

080206 18:17:55 [Note] C:\xampp\mysql\bin\mysqld-nt.exe: Shutdown complete

080207  9:06:32 [Note] C:\xampp\mysql\bin\mysqld-nt.exe: ready for connections.
Version: '5.0.51'  socket: ''  port: 3306  Source distribution
080208 18:55:52 [Note] C:\xampp\mysql\bin\mysqld-nt.exe: Normal shutdown

080208 18:55:52 [Note] C:\xampp\mysql\bin\mysqld-nt.exe: Shutdown complete

080211 12:34:49 [Note] C:\xampp\mysql\bin\mysqld-nt.exe: ready for connections.
Version: '5.0.51'  socket: ''  port: 3306  Source distribution
080211 18:00:06 [Note] C:\xampp\mysql\bin\mysqld-nt.exe: Normal shutdown

080211 18:00:06 [Note] C:\xampp\mysql\bin\mysqld-nt.exe: Shutdown complete

080211 19:17:33 [Note] C:\xampp\mysql\bin\mysqld-nt.exe: ready for connections.
Version: '5.0.51'  socket: ''  port: 3306  Source distribution
080211 20:17:42 [Note] C:\xampp\mysql\bin\mysqld-nt.exe: Normal shutdown

080211 20:17:42 [Note] C:\xampp\mysql\bin\mysqld-nt.exe: Shutdown complete

080212 14:52:27 [Note] C:\xampp\mysql\bin\mysqld-nt.exe: ready for connections.
Version: '5.0.51'  socket: ''  port: 3306  Source distribution
080213 21:29:33 [Note] C:\xampp\mysql\bin\mysqld-nt.exe: Normal shutdown

080213 21:29:33 [Note] C:\xampp\mysql\bin\mysqld-nt.exe: Shutdown complete

080213 21:30:34 [Note] C:\xampp\mysql\bin\mysqld-nt.exe: ready for connections.
Version: '5.0.51'  socket: ''  port: 3306  Source distribution
080213 21:37:52 [Note] C:\xampp\mysql\bin\mysqld-nt.exe: Normal shutdown

080213 21:37:52 [Note] C:\xampp\mysql\bin\mysqld-nt.exe: Shutdown complete

080213 21:56:45 [Note] C:\xampp\mysql\bin\mysqld-nt.exe: ready for connections.
Version: '5.0.51'  socket: ''  port: 3306  Source distribution
080213 22:05:29 [Note] C:\xampp\mysql\bin\mysqld-nt.exe: Normal shutdown

080213 22:05:29 [Note] C:\xampp\mysql\bin\mysqld-nt.exe: Shutdown complete

080214  8:00:46 [Note] C:\xampp\mysql\bin\mysqld-nt.exe: ready for connections.
Version: '5.0.51'  socket: ''  port: 3306  Source distribution
080214  8:01:28 [Note] C:\xampp\mysql\bin\mysqld-nt.exe: Normal shutdown

080214  8:01:28 [Note] C:\xampp\mysql\bin\mysqld-nt.exe: Shutdown complete

080214  8:05:05 [Note] C:\xampp\mysql\bin\mysqld-nt.exe: ready for connections.
Version: '5.0.51'  socket: ''  port: 3306  Source distribution
080214 12:11:06 [Note] C:\xampp\mysql\bin\mysqld-nt.exe: Normal shutdown

080214 12:11:06 [Note] C:\xampp\mysql\bin\mysqld-nt.exe: Shutdown complete

